[0.609s] Invoking command in '/home/PePe/anro_ws/src/python_parameters': DEBUGINFOD_URLS=https://debuginfod.ubuntu.com PYTHONPATH=/home/PePe/anro_ws/src/python_parameters/build/python_parameters/prefix_override:/usr/lib/python3/dist-packages/colcon_core/task/python/colcon_distutils_commands:/home/PePe/anro_ws/src/python_parameters/install/python_parameters/lib/python3.12/site-packages:${PYTHONPATH} /usr/bin/python3 -W ignore:setup.py install is deprecated -W ignore:easy_install command is deprecated setup.py egg_info --egg-base build/python_parameters build --build-base /home/PePe/anro_ws/src/python_parameters/build/python_parameters/build install --record /home/PePe/anro_ws/src/python_parameters/build/python_parameters/install.log --single-version-externally-managed install_data
[0.815s] running egg_info
[0.817s] creating build/python_parameters/python_parameters.egg-info
[0.826s] writing build/python_parameters/python_parameters.egg-info/PKG-INFO
[0.826s] writing dependency_links to build/python_parameters/python_parameters.egg-info/dependency_links.txt
[0.826s] writing requirements to build/python_parameters/python_parameters.egg-info/requires.txt
[0.826s] writing top-level names to build/python_parameters/python_parameters.egg-info/top_level.txt
[0.826s] writing manifest file 'build/python_parameters/python_parameters.egg-info/SOURCES.txt'
[0.855s] reading manifest file 'build/python_parameters/python_parameters.egg-info/SOURCES.txt'
[0.856s] adding license file 'LICENSE'
[0.856s] writing manifest file 'build/python_parameters/python_parameters.egg-info/SOURCES.txt'
[0.857s] running build
[0.857s] running build_py
[0.857s] creating /home/PePe/anro_ws/src/python_parameters/build/python_parameters/build
[0.857s] creating /home/PePe/anro_ws/src/python_parameters/build/python_parameters/build/lib
[0.857s] creating /home/PePe/anro_ws/src/python_parameters/build/python_parameters/build/lib/python_parameters
[0.857s] copying python_parameters/__init__.py -> /home/PePe/anro_ws/src/python_parameters/build/python_parameters/build/lib/python_parameters
[0.857s] copying python_parameters/python_parameters_node.py -> /home/PePe/anro_ws/src/python_parameters/build/python_parameters/build/lib/python_parameters
[0.857s] running install
[0.862s] running install_lib
[0.877s] creating /home/PePe/anro_ws/src/python_parameters/install/python_parameters/lib/python3.12/site-packages/python_parameters
[0.877s] copying /home/PePe/anro_ws/src/python_parameters/build/python_parameters/build/lib/python_parameters/__init__.py -> /home/PePe/anro_ws/src/python_parameters/install/python_parameters/lib/python3.12/site-packages/python_parameters
[0.877s] copying /home/PePe/anro_ws/src/python_parameters/build/python_parameters/build/lib/python_parameters/python_parameters_node.py -> /home/PePe/anro_ws/src/python_parameters/install/python_parameters/lib/python3.12/site-packages/python_parameters
[0.877s] byte-compiling /home/PePe/anro_ws/src/python_parameters/install/python_parameters/lib/python3.12/site-packages/python_parameters/__init__.py to __init__.cpython-312.pyc
[0.878s] byte-compiling /home/PePe/anro_ws/src/python_parameters/install/python_parameters/lib/python3.12/site-packages/python_parameters/python_parameters_node.py to python_parameters_node.cpython-312.pyc
[0.878s] running install_data
[0.878s] creating /home/PePe/anro_ws/src/python_parameters/install/python_parameters/share/ament_index
[0.879s] Sorry: TabError: inconsistent use of tabs and spaces in indentation (python_parameters_node.py, line 9)
[0.879s] creating /home/PePe/anro_ws/src/python_parameters/install/python_parameters/share/ament_index/resource_index
[0.879s] creating /home/PePe/anro_ws/src/python_parameters/install/python_parameters/share/ament_index/resource_index/packages
[0.879s] copying resource/python_parameters -> /home/PePe/anro_ws/src/python_parameters/install/python_parameters/share/ament_index/resource_index/packages
[0.879s] copying package.xml -> /home/PePe/anro_ws/src/python_parameters/install/python_parameters/share/python_parameters
[0.879s] running install_egg_info
[0.894s] Copying build/python_parameters/python_parameters.egg-info to /home/PePe/anro_ws/src/python_parameters/install/python_parameters/lib/python3.12/site-packages/python_parameters-0.0.0-py3.12.egg-info
[0.894s] running install_scripts
[0.999s] writing list of installed files to '/home/PePe/anro_ws/src/python_parameters/build/python_parameters/install.log'
[1.025s] Invoked command in '/home/PePe/anro_ws/src/python_parameters' returned '0': DEBUGINFOD_URLS=https://debuginfod.ubuntu.com PYTHONPATH=/home/PePe/anro_ws/src/python_parameters/build/python_parameters/prefix_override:/usr/lib/python3/dist-packages/colcon_core/task/python/colcon_distutils_commands:/home/PePe/anro_ws/src/python_parameters/install/python_parameters/lib/python3.12/site-packages:${PYTHONPATH} /usr/bin/python3 -W ignore:setup.py install is deprecated -W ignore:easy_install command is deprecated setup.py egg_info --egg-base build/python_parameters build --build-base /home/PePe/anro_ws/src/python_parameters/build/python_parameters/build install --record /home/PePe/anro_ws/src/python_parameters/build/python_parameters/install.log --single-version-externally-managed install_data
