[0.616s] Invoking command in '/home/PePe/anro_ws/src/python_parameters': DEBUGINFOD_URLS=https://debuginfod.ubuntu.com PYTHONPATH=/home/PePe/anro_ws/src/build/python_parameters/prefix_override:/usr/lib/python3/dist-packages/colcon_core/task/python/colcon_distutils_commands:/home/PePe/anro_ws/src/install/python_parameters/lib/python3.12/site-packages:${PYTHONPATH} /usr/bin/python3 -W ignore:setup.py install is deprecated -W ignore:easy_install command is deprecated setup.py egg_info --egg-base ../build/python_parameters build --build-base /home/PePe/anro_ws/src/build/python_parameters/build install --record /home/PePe/anro_ws/src/build/python_parameters/install.log --single-version-externally-managed install_data
[0.817s] running egg_info
[0.833s] writing ../build/python_parameters/python_parameters.egg-info/PKG-INFO
[0.834s] writing dependency_links to ../build/python_parameters/python_parameters.egg-info/dependency_links.txt
[0.834s] writing entry points to ../build/python_parameters/python_parameters.egg-info/entry_points.txt
[0.834s] writing requirements to ../build/python_parameters/python_parameters.egg-info/requires.txt
[0.834s] writing top-level names to ../build/python_parameters/python_parameters.egg-info/top_level.txt
[0.863s] reading manifest file '../build/python_parameters/python_parameters.egg-info/SOURCES.txt'
[0.863s] adding license file 'LICENSE'
[0.863s] writing manifest file '../build/python_parameters/python_parameters.egg-info/SOURCES.txt'
[0.864s] running build
[0.864s] running build_py
[0.864s] running install
[0.869s] running install_lib
[0.885s] byte-compiling /home/PePe/anro_ws/src/install/python_parameters/lib/python3.12/site-packages/python_parameters/python_parameters_node.py to python_parameters_node.cpython-312.pyc
[0.885s] Sorry: TabError: inconsistent use of tabs and spaces in indentation (python_parameters_node.py, line 9)
[0.885s] running install_data
[0.885s] running install_egg_info
[0.904s] removing '/home/PePe/anro_ws/src/install/python_parameters/lib/python3.12/site-packages/python_parameters-0.0.0-py3.12.egg-info' (and everything under it)
[0.904s] Copying ../build/python_parameters/python_parameters.egg-info to /home/PePe/anro_ws/src/install/python_parameters/lib/python3.12/site-packages/python_parameters-0.0.0-py3.12.egg-info
[0.904s] running install_scripts
[1.006s] Installing minimal_param_node script to /home/PePe/anro_ws/src/install/python_parameters/lib/python_parameters
[1.006s] writing list of installed files to '/home/PePe/anro_ws/src/build/python_parameters/install.log'
[1.030s] Invoked command in '/home/PePe/anro_ws/src/python_parameters' returned '0': DEBUGINFOD_URLS=https://debuginfod.ubuntu.com PYTHONPATH=/home/PePe/anro_ws/src/build/python_parameters/prefix_override:/usr/lib/python3/dist-packages/colcon_core/task/python/colcon_distutils_commands:/home/PePe/anro_ws/src/install/python_parameters/lib/python3.12/site-packages:${PYTHONPATH} /usr/bin/python3 -W ignore:setup.py install is deprecated -W ignore:easy_install command is deprecated setup.py egg_info --egg-base ../build/python_parameters build --build-base /home/PePe/anro_ws/src/build/python_parameters/build install --record /home/PePe/anro_ws/src/build/python_parameters/install.log --single-version-externally-managed install_data
