[0.590s] Invoking command in '/home/PePe/anro_ws/src/python_parameters': DEBUGINFOD_URLS=https://debuginfod.ubuntu.com PYTHONPATH=/home/PePe/anro_ws/src/build/python_parameters/prefix_override:/usr/lib/python3/dist-packages/colcon_core/task/python/colcon_distutils_commands:/home/PePe/anro_ws/src/install/python_parameters/lib/python3.12/site-packages:${PYTHONPATH} /usr/bin/python3 -W ignore:setup.py install is deprecated -W ignore:easy_install command is deprecated setup.py egg_info --egg-base ../build/python_parameters build --build-base /home/PePe/anro_ws/src/build/python_parameters/build install --record /home/PePe/anro_ws/src/build/python_parameters/install.log --single-version-externally-managed install_data
[0.784s] running egg_info
[0.784s] creating ../build/python_parameters/python_parameters.egg-info
[0.804s] writing ../build/python_parameters/python_parameters.egg-info/PKG-INFO
[0.804s] writing dependency_links to ../build/python_parameters/python_parameters.egg-info/dependency_links.txt
[0.804s] writing requirements to ../build/python_parameters/python_parameters.egg-info/requires.txt
[0.804s] writing top-level names to ../build/python_parameters/python_parameters.egg-info/top_level.txt
[0.804s] writing manifest file '../build/python_parameters/python_parameters.egg-info/SOURCES.txt'
[0.827s] reading manifest file '../build/python_parameters/python_parameters.egg-info/SOURCES.txt'
[0.827s] adding license file 'LICENSE'
[0.828s] writing manifest file '../build/python_parameters/python_parameters.egg-info/SOURCES.txt'
[0.828s] running build
[0.828s] running build_py
[0.828s] creating /home/PePe/anro_ws/src/build/python_parameters/build
[0.829s] creating /home/PePe/anro_ws/src/build/python_parameters/build/lib
[0.829s] creating /home/PePe/anro_ws/src/build/python_parameters/build/lib/python_parameters
[0.829s] copying python_parameters/__init__.py -> /home/PePe/anro_ws/src/build/python_parameters/build/lib/python_parameters
[0.829s] copying python_parameters/python_parameters_node.py -> /home/PePe/anro_ws/src/build/python_parameters/build/lib/python_parameters
[0.829s] running install
[0.834s] running install_lib
[0.848s] creating /home/PePe/anro_ws/src/install/python_parameters/lib/python3.12/site-packages/python_parameters
[0.848s] copying /home/PePe/anro_ws/src/build/python_parameters/build/lib/python_parameters/__init__.py -> /home/PePe/anro_ws/src/install/python_parameters/lib/python3.12/site-packages/python_parameters
[0.848s] copying /home/PePe/anro_ws/src/build/python_parameters/build/lib/python_parameters/python_parameters_node.py -> /home/PePe/anro_ws/src/install/python_parameters/lib/python3.12/site-packages/python_parameters
[0.849s] byte-compiling /home/PePe/anro_ws/src/install/python_parameters/lib/python3.12/site-packages/python_parameters/__init__.py to __init__.cpython-312.pyc
[0.849s] byte-compiling /home/PePe/anro_ws/src/install/python_parameters/lib/python3.12/site-packages/python_parameters/python_parameters_node.py to python_parameters_node.cpython-312.pyc
[0.849s] running install_data
[0.849s] Sorry: TabError: inconsistent use of tabs and spaces in indentation (python_parameters_node.py, line 9)
[0.850s] creating /home/PePe/anro_ws/src/install/python_parameters/share/ament_index
[0.850s] creating /home/PePe/anro_ws/src/install/python_parameters/share/ament_index/resource_index
[0.850s] creating /home/PePe/anro_ws/src/install/python_parameters/share/ament_index/resource_index/packages
[0.850s] copying resource/python_parameters -> /home/PePe/anro_ws/src/install/python_parameters/share/ament_index/resource_index/packages
[0.850s] copying package.xml -> /home/PePe/anro_ws/src/install/python_parameters/share/python_parameters
[0.850s] running install_egg_info
[0.864s] Copying ../build/python_parameters/python_parameters.egg-info to /home/PePe/anro_ws/src/install/python_parameters/lib/python3.12/site-packages/python_parameters-0.0.0-py3.12.egg-info
[0.865s] running install_scripts
[0.960s] writing list of installed files to '/home/PePe/anro_ws/src/build/python_parameters/install.log'
[0.987s] Invoked command in '/home/PePe/anro_ws/src/python_parameters' returned '0': DEBUGINFOD_URLS=https://debuginfod.ubuntu.com PYTHONPATH=/home/PePe/anro_ws/src/build/python_parameters/prefix_override:/usr/lib/python3/dist-packages/colcon_core/task/python/colcon_distutils_commands:/home/PePe/anro_ws/src/install/python_parameters/lib/python3.12/site-packages:${PYTHONPATH} /usr/bin/python3 -W ignore:setup.py install is deprecated -W ignore:easy_install command is deprecated setup.py egg_info --egg-base ../build/python_parameters build --build-base /home/PePe/anro_ws/src/build/python_parameters/build install --record /home/PePe/anro_ws/src/build/python_parameters/install.log --single-version-externally-managed install_data
